<?xml version="1.0" encoding="UTF-8"?>
<testng-results ignored="0" total="1" passed="1" failed="0" skipped="0">
  <reporter-output>
  </reporter-output>
  <suite started-at="2023-08-31T16:51:41 IST" name="Default suite" finished-at="2023-08-31T16:51:41 IST" duration-ms="97">
    <groups>
    </groups>
    <test started-at="2023-08-31T16:51:41 IST" name="Default test" finished-at="2023-08-31T16:51:41 IST" duration-ms="97">
      <class name="properties_file.Property">
        <test-method signature="test2()[pri:0, instance:properties_file.Property@550dbc7a]" started-at="2023-08-31T16:51:41 IST" name="test2" finished-at="2023-08-31T16:51:41 IST" duration-ms="17" status="PASS">
          <reporter-output>
          </reporter-output>
        </test-method> <!-- test2 -->
      </class> <!-- properties_file.Property -->
    </test> <!-- Default test -->
  </suite> <!-- Default suite -->
</testng-results>
