<?xml version="1.0" encoding="UTF-8"?>
<!-- Generated by org.testng.reporters.JUnitXMLReporter -->
<testsuite ignored="1" hostname="DESKTOP-PCVCUV3" failures="0" tests="2" name="Test" time="0.108" errors="0" timestamp="2023-08-31T16:30:26 IST">
  <testcase classname="groups_testng.Runner_groups" name="group2" time="0.013"/>
  <testcase classname="groups_testng.Runner_groups" name="group3" time="0.003"/>
  <testcase classname="groups_testng.Runner_groups" name="group1" time="0.0">
    <ignored/>
  </testcase> <!-- group1 -->
</testsuite> <!-- Test -->
